<?xml version="1.0" encoding="UTF-8"?>
<testsuite name="PersonTest" tests="2" skipped="0" failures="0" errors="0" timestamp="2021-01-20T12:26:39" hostname="Fuad-MBP" time="0.016">
  <properties/>
  <testcase name="tstConstructor()" classname="PersonTest" time="0.015"/>
  <testcase name="BMI()" classname="PersonTest" time="0.001"/>
  <system-out><![CDATA[]]></system-out>
  <system-err><![CDATA[]]></system-err>
</testsuite>
